<?xml version="1.0" encoding="UTF-8"?>
<!-- Generated by org.testng.reporters.JUnitReportReporter -->
<testsuite hostname="LAPTOP-ER81FAOP" failures="0" tests="2" name="testNgTest.TestNgClass" time="0.001" errors="0" timestamp="2023-02-04T18:13:23 IST" skipped="0">
  <testcase classname="testNgTest.TestNgClass" name="testC" time="0.001"/>
  <system-out/>
  <testcase classname="testNgTest.TestNgClass" name="testD" time="0.000"/>
  <system-out/>
</testsuite> <!-- testNgTest.TestNgClass -->
