<?xml version="1.0" encoding="UTF-8"?>
<!-- Generated by org.testng.reporters.JUnitReportReporter -->
<testsuite hostname="LAPTOP-ER81FAOP" failures="0" tests="2" name="testNgTest.TestNgclass_3" time="14.245" errors="0" timestamp="2023-02-24T13:03:42 IST" skipped="0">
  <testcase classname="testNgTest.TestNgclass_3" name="VerifyLogin" time="1.499"/>
  <system-out/>
  <testcase classname="testNgTest.TestNgclass_3" name="VerifyCreateNewAccount" time="12.746"/>
  <system-out/>
</testsuite> <!-- testNgTest.TestNgclass_3 -->
