<?xml version="1.0" encoding="UTF-8"?>
<!-- Generated by org.testng.reporters.JUnitReportReporter -->
<testsuite hostname="LAPTOP-ER81FAOP" failures="0" tests="6" name="testNgTest.TestNgClass1" time="25.530" errors="0" timestamp="2023-02-23T01:54:47 IST" skipped="0">
  <testcase classname="testNgTest.TestNgClass1" name="VerifyCooliesPolicyLink" time="4.568"/>
  <system-out/>
  <testcase classname="testNgTest.TestNgClass1" name="VerifyTermsLink" time="4.927"/>
  <system-out/>
  <testcase classname="testNgTest.TestNgClass1" name="VerifyTermsLink" time="2.480"/>
  <system-out/>
  <testcase classname="testNgTest.TestNgClass1" name="VerifyPrivacyPolicyLink" time="4.071"/>
  <system-out/>
  <testcase classname="testNgTest.TestNgClass1" name="VerifyPrivacyPolicyLink" time="4.096"/>
  <system-out/>
  <testcase classname="testNgTest.TestNgClass1" name="VerifyCooliesPolicyLink" time="5.388"/>
  <system-out/>
</testsuite> <!-- testNgTest.TestNgClass1 -->
