<?xml version="1.0" encoding="UTF-8"?>
<!-- Generated by org.testng.reporters.JUnitReportReporter -->
<testsuite hostname="LAPTOP-ER81FAOP" failures="0" tests="6" name="testNgTest.TestNgclass_2" time="23.854" errors="0" timestamp="2023-02-23T01:54:47 IST" skipped="0">
  <testcase classname="testNgTest.TestNgclass_2" name="VerifyTermsLink" time="3.010"/>
  <system-out/>
  <testcase classname="testNgTest.TestNgclass_2" name="VerifyCooliesPolicyLink" time="3.903"/>
  <system-out/>
  <testcase classname="testNgTest.TestNgclass_2" name="VerifyTermsLink" time="4.438"/>
  <system-out/>
  <testcase classname="testNgTest.TestNgclass_2" name="VerifyPrivacyPolicyLink" time="4.627"/>
  <system-out/>
  <testcase classname="testNgTest.TestNgclass_2" name="VerifyCooliesPolicyLink" time="3.371"/>
  <system-out/>
  <testcase classname="testNgTest.TestNgclass_2" name="VerifyPrivacyPolicyLink" time="4.505"/>
  <system-out/>
</testsuite> <!-- testNgTest.TestNgclass_2 -->
